[    0.000000] Linux version 4.15.0-212-generic (buildd@lcy02-amd64-083) (gcc version 7.5.0 (Ubuntu 7.5.0-3ubuntu1~18.04)) #223-Ubuntu SMP Tue May 23 13:09:22 UTC 2023 (Ubuntu 4.15.0-212.223-generic 4.15.18)
[    0.000000] Command line: BOOT_IMAGE=/boot/vmlinuz-4.15.0-212-generic root=LABEL=cloudimg-rootfs ro console=tty1 console=ttyS0
[    0.000000] KERNEL supported cpus:
[    0.000000]   Intel GenuineIntel
[    0.000000]   AMD AuthenticAMD
[    0.000000]   Centaur CentaurHauls
[    0.000000] x86/fpu: x87 FPU will use FXSAVE
[    0.000000] e820: BIOS-provided physical RAM map:
[    0.000000] BIOS-e820: [mem 0x0000000000000000-0x000000000009fbff] usable
[    0.000000] BIOS-e820: [mem 0x000000000009fc00-0x000000000009ffff] reserved
[    0.000000] BIOS-e820: [mem 0x00000000000f0000-0x00000000000fffff] reserved
[    0.000000] BIOS-e820: [mem 0x0000000000100000-0x000000003ffeffff] usable
[    0.000000] BIOS-e820: [mem 0x000000003fff0000-0x000000003fffffff] ACPI data
[    0.000000] BIOS-e820: [mem 0x00000000fec00000-0x00000000fec00fff] reserved
[    0.000000] BIOS-e820: [mem 0x00000000fee00000-0x00000000fee00fff] reserved
[    0.000000] BIOS-e820: [mem 0x00000000fffc0000-0x00000000ffffffff] reserved
[    0.000000] NX (Execute Disable) protection: active
[    0.000000] SMBIOS 2.5 present.
[    0.000000] DMI: innotek GmbH VirtualBox/VirtualBox, BIOS VirtualBox 12/01/2006
[    0.000000] Hypervisor detected: KVM
[    0.000000] e820: last_pfn = 0x3fff0 max_arch_pfn = 0x400000000
[    0.000000] MTRR: Disabled
[    0.000000] x86/PAT: MTRRs disabled, skipping PAT initialization too.
[    0.000000] CPU MTRRs all blank - virtualized system.
[    0.000000] x86/PAT: Configuration [0-7]: WB  WT  UC- UC  WB  WT  UC- UC  
[    0.000000] found SMP MP-table at [mem 0x0009fff0-0x0009ffff]
[    0.000000] Scanning 1 areas for low memory corruption
[    0.000000] RAMDISK: [mem 0x359cb000-0x36cdcfff]
[    0.000000] ACPI: Early table checksum verification disabled
[    0.000000] ACPI: RSDP 0x00000000000E0000 000024 (v02 VBOX  )
[    0.000000] ACPI: XSDT 0x000000003FFF0030 00003C (v01 VBOX   VBOXXSDT 00000001 ASL  00000061)
[    0.000000] ACPI: FACP 0x000000003FFF00F0 0000F4 (v04 VBOX   VBOXFACP 00000001 ASL  00000061)
[    0.000000] ACPI: DSDT 0x000000003FFF0470 002325 (v02 VBOX   VBOXBIOS 00000002 INTL 20100528)
[    0.000000] ACPI: FACS 0x000000003FFF0200 000040
[    0.000000] ACPI: FACS 0x000000003FFF0200 000040
[    0.000000] ACPI: APIC 0x000000003FFF0240 00005C (v02 VBOX   VBOXAPIC 00000001 ASL  00000061)
[    0.000000] ACPI: SSDT 0x000000003FFF02A0 0001CC (v01 VBOX   VBOXCPUT 00000002 INTL 20100528)
[    0.000000] ACPI: Reserving FACP table memory at [mem 0x3fff00f0-0x3fff01e3]
[    0.000000] ACPI: Reserving DSDT table memory at [mem 0x3fff0470-0x3fff2794]
[    0.000000] ACPI: Reserving FACS table memory at [mem 0x3fff0200-0x3fff023f]
[    0.000000] ACPI: Reserving FACS table memory at [mem 0x3fff0200-0x3fff023f]
[    0.000000] ACPI: Reserving APIC table memory at [mem 0x3fff0240-0x3fff029b]
[    0.000000] ACPI: Reserving SSDT table memory at [mem 0x3fff02a0-0x3fff046b]
[    0.000000] No NUMA configuration found
[    0.000000] Faking a node at [mem 0x0000000000000000-0x000000003ffeffff]
[    0.000000] NODE_DATA(0) allocated [mem 0x3ffc5000-0x3ffeffff]
[    0.000000] kvm-clock: cpu 0, msr 0:3ff44001, primary cpu clock
[    0.000000] kvm-clock: Using msrs 4b564d01 and 4b564d00
[    0.000000] kvm-clock: using sched offset of 7799522397 cycles
[    0.000000] clocksource: kvm-clock: mask: 0xffffffffffffffff max_cycles: 0x1cd42e4dffb, max_idle_ns: 881590591483 ns
[    0.000000] Zone ranges:
[    0.000000]   DMA      [mem 0x0000000000001000-0x0000000000ffffff]
[    0.000000]   DMA32    [mem 0x0000000001000000-0x000000003ffeffff]
[    0.000000]   Normal   empty
[    0.000000]   Device   empty
[    0.000000] Movable zone start for each node
[    0.000000] Early memory node ranges
[    0.000000]   node   0: [mem 0x0000000000001000-0x000000000009efff]
[    0.000000]   node   0: [mem 0x0000000000100000-0x000000003ffeffff]
[    0.000000] Reserved but unavailable: 104 pages
[    0.000000] Initmem setup node 0 [mem 0x0000000000001000-0x000000003ffeffff]
[    0.000000] ACPI: PM-Timer IO Port: 0x4008
[    0.000000] IOAPIC[0]: apic_id 2, version 32, address 0xfec00000, GSI 0-23
[    0.000000] ACPI: INT_SRC_OVR (bus 0 bus_irq 0 global_irq 2 dfl dfl)
[    0.000000] ACPI: INT_SRC_OVR (bus 0 bus_irq 9 global_irq 9 low level)
[    0.000000] Using ACPI (MADT) for SMP configuration information
[    0.000000] smpboot: Allowing 2 CPUs, 0 hotplug CPUs
[    0.000000] PM: Registered nosave memory: [mem 0x00000000-0x00000fff]
[    0.000000] PM: Registered nosave memory: [mem 0x0009f000-0x0009ffff]
[    0.000000] PM: Registered nosave memory: [mem 0x000a0000-0x000effff]
[    0.000000] PM: Registered nosave memory: [mem 0x000f0000-0x000fffff]
[    0.000000] e820: [mem 0x40000000-0xfebfffff] available for PCI devices
[    0.000000] Booting paravirtualized kernel on KVM
[    0.000000] clocksource: refined-jiffies: mask: 0xffffffff max_cycles: 0xffffffff, max_idle_ns: 7645519600211568 ns
[    0.000000] setup_percpu: NR_CPUS:8192 nr_cpumask_bits:2 nr_cpu_ids:2 nr_node_ids:1
[    0.000000] percpu: Embedded 50 pages/cpu s167936 r8192 d28672 u1048576
[    0.000000] PV qspinlock hash table entries: 256 (order: 0, 4096 bytes)
[    0.000000] Built 1 zonelists, mobility grouping on.  Total pages: 257913
[    0.000000] Policy zone: DMA32
[    0.000000] Kernel command line: BOOT_IMAGE=/boot/vmlinuz-4.15.0-212-generic root=LABEL=cloudimg-rootfs ro console=tty1 console=ttyS0
[    0.000000] Memory: 982644K/1048120K available (12300K kernel code, 2477K rwdata, 4324K rodata, 2480K init, 2720K bss, 65476K reserved, 0K cma-reserved)
[    0.000000] SLUB: HWalign=64, Order=0-3, MinObjects=0, CPUs=2, Nodes=1
[    0.000000] ftrace: allocating 39508 entries in 155 pages
[    0.004000] Hierarchical RCU implementation.
[    0.004000] 	RCU restricting CPUs from NR_CPUS=8192 to nr_cpu_ids=2.
[    0.004000] 	Tasks RCU enabled.
[    0.004000] RCU: Adjusting geometry for rcu_fanout_leaf=16, nr_cpu_ids=2
[    0.004000] NR_IRQS: 524544, nr_irqs: 440, preallocated irqs: 16
[    0.004000] Console: colour VGA+ 80x25
[    0.004000] console [tty1] enabled
[    0.004000] console [ttyS0] enabled
[    0.004000] ACPI: Core revision 20170831
[    0.004000] ACPI: 2 ACPI AML tables successfully acquired and loaded
[    0.004000] APIC: Switch to symmetric I/O mode setup
[    0.004000] ..TIMER: vector=0x30 apic1=0 pin1=2 apic2=-1 pin2=-1
[    0.004017] tsc: Detected 1190.402 MHz processor
[    0.008034] Calibrating delay loop (skipped) preset value.. 2380.80 BogoMIPS (lpj=4761608)
[    0.012020] pid_max: default: 32768 minimum: 301
[    0.020017] Security Framework initialized
[    0.024017] Yama: becoming mindful.
[    0.028299] AppArmor: AppArmor initialized
[    0.049342] Dentry cache hash table entries: 131072 (order: 8, 1048576 bytes)
[    0.060607] Inode-cache hash table entries: 65536 (order: 7, 524288 bytes)
[    0.064254] Mount-cache hash table entries: 2048 (order: 2, 16384 bytes)
[    0.068195] Mountpoint-cache hash table entries: 2048 (order: 2, 16384 bytes)
[    0.077898] Last level iTLB entries: 4KB 0, 2MB 0, 4MB 0
[    0.080008] Last level dTLB entries: 4KB 0, 2MB 0, 4MB 0, 1GB 0
[    0.084024] Spectre V1 : Mitigation: usercopy/swapgs barriers and __user pointer sanitization
[    0.088017] Spectre V2 : Mitigation: Enhanced IBRS
[    0.092012] Spectre V2 : Spectre v2 / SpectreRSB mitigation: Filling RSB on context switch
[    0.096015] Spectre V2 : Spectre v2 / PBRSB-eIBRS: Retire a single CALL on VMEXIT
[    0.100017] RETBleed: Mitigation: Enhanced IBRS
[    0.104015] Speculative Store Bypass: Vulnerable
[    0.108066] MMIO Stale Data: Vulnerable: Clear CPU buffers attempted, no microcode
[    0.112539] Freeing SMP alternatives memory: 36K
[    0.236000] smpboot: CPU0: Intel(R) Core(TM) i5-1035G1 CPU @ 1.00GHz (family: 0x6, model: 0x7e, stepping: 0x5)
[    0.236000] Performance Events: unsupported p6 CPU model 126 no PMU driver, software events only.
[    0.240246] Hierarchical SRCU implementation.
[    0.248630] NMI watchdog: Perf event create on CPU 0 failed with -2
[    0.252248] NMI watchdog: Perf NMI watchdog permanently disabled
[    0.257565] smp: Bringing up secondary CPUs ...
[    0.269329] x86: Booting SMP configuration:
[    0.272015] .... node  #0, CPUs:      #1
[    0.004000] kvm-clock: cpu 1, msr 0:3ff44041, secondary cpu clock
[    0.308000] TSC synchronization [CPU#0 -> CPU#1]:
[    0.308000] Measured 148954 cycles TSC warp between CPUs, turning off TSC clock.
[    0.308000] tsc: Marking TSC unstable due to check_tsc_sync_source failed
[    0.316756] smp: Brought up 1 node, 2 CPUs
[    0.324017] smpboot: Max logical packages: 1
[    0.328012] smpboot: Total of 2 processors activated (4761.60 BogoMIPS)
[    0.344266] devtmpfs: initialized
[    0.352415] x86/mm: Memory block size: 128MB
[    0.360779] evm: security.selinux
[    0.364012] evm: security.SMACK64
[    0.368011] evm: security.SMACK64EXEC
[    0.372012] evm: security.SMACK64TRANSMUTE
[    0.376010] evm: security.SMACK64MMAP
[    0.380015] evm: security.apparmor
[    0.384010] evm: security.ima
[    0.388010] evm: security.capability
[    0.400182] clocksource: jiffies: mask: 0xffffffff max_cycles: 0xffffffff, max_idle_ns: 7645041785100000 ns
[    0.404035] futex hash table entries: 512 (order: 3, 32768 bytes)
[    0.408787] pinctrl core: initialized pinctrl subsystem
[    0.413059] RTC time:  9:46:20, date: 05/27/24
[    0.422792] NET: Registered protocol family 16
[    0.424460] audit: initializing netlink subsys (disabled)
[    0.432668] audit: type=2000 audit(1716803186.781:1): state=initialized audit_enabled=0 res=1
[    0.464029] cpuidle: using governor ladder
[    0.468046] cpuidle: using governor menu
[    0.472277] ACPI: bus type PCI registered
[    0.476017] acpiphp: ACPI Hot Plug PCI Controller Driver version: 0.5
[    0.485537] PCI: Using configuration type 1 for base access
[    0.516420] HugeTLB registered 2.00 MiB page size, pre-allocated 0 pages
[    0.537033] ACPI: Added _OSI(Module Device)
[    0.540014] ACPI: Added _OSI(Processor Device)
[    0.544011] ACPI: Added _OSI(3.0 _SCP Extensions)
[    0.548010] ACPI: Added _OSI(Processor Aggregator Device)
[    0.552016] ACPI: Added _OSI(Linux-Dell-Video)
[    0.556020] ACPI: Added _OSI(Linux-Lenovo-NV-HDMI-Audio)
[    0.560018] ACPI: Added _OSI(Linux-HPI-Hybrid-Graphics)
[    0.566052] ACPI: Executed 1 blocks of module-level executable AML code
[    0.586077] ACPI: Interpreter enabled
[    0.588068] ACPI: (supports S0 S5)
[    0.592026] ACPI: Using IOAPIC for interrupt routing
[    0.601211] PCI: Using host bridge windows from ACPI; if necessary, use "pci=nocrs" and report a bug
[    0.608829] ACPI: Enabled 2 GPEs in block 00 to 07
[    0.666122] ACPI: PCI Root Bridge [PCI0] (domain 0000 [bus 00-ff])
[    0.668040] acpi PNP0A03:00: _OSC: OS supports [ASPM ClockPM Segments MSI]
[    0.680038] acpi PNP0A03:00: _OSC: not requesting OS control; OS requires [ExtendedConfig ASPM ClockPM MSI]
[    0.684054] acpi PNP0A03:00: fail to add MMCONFIG information, can't access extended PCI configuration space under this bridge.
[    0.691199] PCI host bridge to bus 0000:00
[    0.692024] pci_bus 0000:00: root bus resource [io  0x0000-0x0cf7 window]
[    0.696025] pci_bus 0000:00: root bus resource [io  0x0d00-0xffff window]
[    0.700018] pci_bus 0000:00: root bus resource [mem 0x000a0000-0x000bffff window]
[    0.704013] pci_bus 0000:00: root bus resource [mem 0x40000000-0xfdffffff window]
[    0.708022] pci_bus 0000:00: root bus resource [bus 00-ff]
[    0.737885] pci 0000:00:01.1: legacy IDE quirk: reg 0x10: [io  0x01f0-0x01f7]
[    0.740021] pci 0000:00:01.1: legacy IDE quirk: reg 0x14: [io  0x03f6]
[    0.744015] pci 0000:00:01.1: legacy IDE quirk: reg 0x18: [io  0x0170-0x0177]
[    0.748020] pci 0000:00:01.1: legacy IDE quirk: reg 0x1c: [io  0x0376]
[    0.816966] pci 0000:00:07.0: quirk: [io  0x4000-0x403f] claimed by PIIX4 ACPI
[    0.820147] pci 0000:00:07.0: quirk: [io  0x4100-0x410f] claimed by PIIX4 SMB
[    0.859199] ACPI: PCI Interrupt Link [LNKA] (IRQs 5 9 10 *11)
[    0.865042] ACPI: PCI Interrupt Link [LNKB] (IRQs 5 9 *10 11)
[    0.868801] ACPI: PCI Interrupt Link [LNKC] (IRQs 5 *9 10 11)
[    0.876614] ACPI: PCI Interrupt Link [LNKD] (IRQs 5 9 10 *11)
[    0.886438] SCSI subsystem initialized
[    0.892596] pci 0000:00:02.0: vgaarb: setting as boot VGA device
[    0.896000] pci 0000:00:02.0: vgaarb: VGA device added: decodes=io+mem,owns=io+mem,locks=none
[    0.896022] pci 0000:00:02.0: vgaarb: bridge control possible
[    0.904017] vgaarb: loaded
[    0.908268] ACPI: bus type USB registered
[    0.912219] usbcore: registered new interface driver usbfs
[    0.916050] usbcore: registered new interface driver hub
[    0.920087] usbcore: registered new device driver usb
[    0.928199] EDAC MC: Ver: 3.0.0
[    0.944007] PCI: Using ACPI for IRQ routing
[    0.950000] NetLabel: Initializing
[    0.952013] NetLabel:  domain hash size = 128
[    0.956007] NetLabel:  protocols = UNLABELED CIPSOv4 CALIPSO
[    0.960066] NetLabel:  unlabeled traffic allowed by default
[    0.968933] clocksource: Switched to clocksource kvm-clock
[    0.984027] VFS: Disk quotas dquot_6.6.0
[    0.984027] VFS: Dquot-cache hash table entries: 512 (order 0, 4096 bytes)
[    0.984027] AppArmor: AppArmor Filesystem Enabled
[    1.162845] pnp: PnP ACPI init
[    1.166607] pnp: PnP ACPI: found 3 devices
[    1.338609] clocksource: acpi_pm: mask: 0xffffff max_cycles: 0xffffff, max_idle_ns: 2085701024 ns
[    1.340579] NET: Registered protocol family 2
[    1.340579] IP idents hash table entries: 16384 (order: 5, 131072 bytes)
[    1.399906] TCP established hash table entries: 8192 (order: 4, 65536 bytes)
[    1.423793] TCP bind hash table entries: 8192 (order: 5, 131072 bytes)
[    1.445011] TCP: Hash tables configured (established 8192 bind 8192)
[    1.448758] UDP hash table entries: 512 (order: 2, 16384 bytes)
[    1.448758] UDP-Lite hash table entries: 512 (order: 2, 16384 bytes)
[    1.507336] NET: Registered protocol family 1
[    1.510730] pci 0000:00:00.0: Limiting direct PCI/PCI transfers
[    1.510730] pci 0000:00:01.0: Activating ISA DMA hang workarounds
[    1.510730] pci 0000:00:02.0: Video device with shadowed ROM at [mem 0x000c0000-0x000dffff]
[    1.510730] Unpacking initramfs...
[    3.490627] Freeing initrd memory: 19528K
[    3.508105] clocksource: tsc: mask: 0xffffffffffffffff max_cycles: 0x1128b0cf317, max_idle_ns: 440795227453 ns
[    3.547316] platform rtc_cmos: registered platform RTC device (no PNP device found)
[    3.566216] Scanning for low memory corruption every 60 seconds
[    3.591145] Initialise system trusted keyrings
[    3.607199] Key type blacklist registered
[    3.621562] workingset: timestamp_bits=36 max_order=18 bucket_order=0
[    3.653327] zbud: loaded
[    3.671319] squashfs: version 4.0 (2009/01/31) Phillip Lougher
[    3.693796] fuse init (API version 7.26)
[    3.828726] Key type asymmetric registered
[    3.843536] Asymmetric key parser 'x509' registered
[    3.863888] Block layer SCSI generic (bsg) driver version 0.4 loaded (major 246)
[    3.893408] io scheduler noop registered
[    3.907939] io scheduler deadline registered
[    3.924961] io scheduler cfq registered (default)
[    3.943891] ACPI: AC Adapter [AC] (off-line)
[    3.958657] input: Power Button as /devices/LNXSYSTM:00/LNXPWRBN:00/input/input0
[    3.987097] ACPI: Power Button [PWRF]
[    3.997876] input: Sleep Button as /devices/LNXSYSTM:00/LNXSLPBN:00/input/input1
[    4.001257] ACPI: Sleep Button [SLPF]
[    4.039464] Serial: 8250/16550 driver, 32 ports, IRQ sharing enabled
[    4.042078] ACPI: Battery Slot [BAT0] (battery present)
[    4.121524] 00:02: ttyS0 at I/O 0x3f8 (irq = 4, base_baud = 115200) is a 16550A
[    4.163250] Linux agpgart interface v0.103
[    4.223116] loop: module loaded
[    4.236978] scsi host0: ata_piix
[    4.245530] scsi host1: ata_piix
[    4.252030] ata1: PATA max UDMA/33 cmd 0x1f0 ctl 0x3f6 bmdma 0xd000 irq 14
[    4.255815] ata2: PATA max UDMA/33 cmd 0x170 ctl 0x376 bmdma 0xd008 irq 15
[    4.292534] tun: Universal TUN/TAP device driver, 1.6
[    4.309609] PPP generic driver version 2.4.2
[    4.327957] ehci_hcd: USB 2.0 'Enhanced' Host Controller (EHCI) Driver
[    4.341381] ehci-pci: EHCI PCI platform driver
[    4.350261] ehci-platform: EHCI generic platform driver
[    4.358870] ohci_hcd: USB 1.1 'Open' Host Controller (OHCI) Driver
[    4.369676] ohci-pci: OHCI PCI platform driver
[    4.379411] ohci-platform: OHCI generic platform driver
[    4.396214] uhci_hcd: USB Universal Host Controller Interface driver
[    4.421376] i8042: PNP: PS/2 Controller [PNP0303:PS2K,PNP0f03:PS2M] at 0x60,0x64 irq 1,12
[    4.465475] serio: i8042 KBD port at 0x60,0x64 irq 1
[    4.486635] serio: i8042 AUX port at 0x60,0x64 irq 12
[    4.541665] mousedev: PS/2 mouse device common for all mice
[    4.579876] input: AT Translated Set 2 keyboard as /devices/platform/i8042/serio0/input/input2
[    4.615677] rtc_cmos rtc_cmos: rtc core: registered rtc_cmos as rtc0
[    4.645993] rtc_cmos rtc_cmos: alarms up to one day, 114 bytes nvram
[    4.670475] i2c /dev entries driver
[    4.687467] device-mapper: uevent: version 1.0.3
[    4.704946] device-mapper: ioctl: 4.37.0-ioctl (2017-09-20) initialised: dm-devel@redhat.com
[    4.732048] ledtrig-cpu: registered to indicate activity on CPUs
[    4.759466] NET: Registered protocol family 10
[    4.821090] Segment Routing with IPv6
[    4.834535] NET: Registered protocol family 17
[    4.851026] Key type dns_resolver registered
[    4.868810] mce: Using 0 MCE banks
[    4.878776] RAS: Correctable Errors collector initialized.
[    4.894059] sched_clock: Marking stable (4893857596, 0)->(8592925794, -3699068198)
[    4.934618] registered taskstats version 1
[    4.949715] Loading compiled-in X.509 certificates
[    4.983819] Loaded X.509 cert 'Build time autogenerated kernel key: b5b26778eaa3ab3a4a6cee031137706e947d12ad'
[    5.009056] Loaded X.509 cert 'Canonical Ltd. Live Patch Signing: 14df34d1a87cf37625abec039ef2bf521249b969'
[    5.040510] Loaded X.509 cert 'Canonical Ltd. Kernel Module Signing: 88f752e560a1e0737e31163a466ad7b70a850c19'
[    5.064771] blacklist: Loading compiled-in revocation X.509 certificates
[    5.084828] Loaded X.509 cert 'Canonical Ltd. Secure Boot Signing: 61482aa2830d0ab2ad5af10b7250da9033ddcef0'
[    5.114588] Loaded X.509 cert 'Canonical Ltd. Secure Boot Signing (2017): 242ade75ac4a15e50d50c84b0d45ff3eae707a03'
[    5.143580] Loaded X.509 cert 'Canonical Ltd. Secure Boot Signing (ESM 2018): 365188c1d374d6b07c3c8f240f8ef722433d6a8b'
[    5.181777] Loaded X.509 cert 'Canonical Ltd. Secure Boot Signing (2019): c0746fd6c5da3ae827864651ad66ae47fe24b3e8'
[    5.221249] Loaded X.509 cert 'Canonical Ltd. Secure Boot Signing (2021 v1): a8d54bbb3825cfb94fa13c9f8a594a195c107b8d'
[    5.256770] Loaded X.509 cert 'Canonical Ltd. Secure Boot Signing (2021 v2): 4cf046892d6fd3c9a5b03f98d845f90851dc6a8c'
[    5.291424] Loaded X.509 cert 'Canonical Ltd. Secure Boot Signing (2021 v3): 100437bb6de6e469b581e61cd66bce3ef4ed53af'
[    5.331730] Loaded X.509 cert 'Canonical Ltd. Secure Boot Signing (Ubuntu Core 2019): c1d57b8f6b743f23ee41f4f7ee292f06eecadfb9'
[    5.373834] zswap: loaded using pool lzo/zbud
[    5.435020] Key type big_key registered
[    5.444941] Key type trusted registered
[    5.466176] Key type encrypted registered
[    5.473560] AppArmor: AppArmor sha1 policy hashing enabled
[    5.485502] ima: No TPM chip found, activating TPM-bypass! (rc=-19)
[    5.505085] ima: Allocated hash algorithm: sha1
[    5.523884] evm: HMAC attrs: 0x1
[    5.537866]   Magic number: 8:213:779
[    5.554263] rtc_cmos rtc_cmos: setting system clock to 2024-05-27 09:46:26 UTC (1716803186)
[    5.581721] BIOS EDD facility v0.16 2004-Jun-25, 0 devices found
[    5.607721] EDD information not available.
[    5.636763] Freeing unused kernel image memory: 2480K
[    6.898140] Write protecting the kernel read-only data: 20480k
[    6.925076] Freeing unused kernel image memory: 2008K
[    6.942771] Freeing unused kernel image memory: 1820K
[    6.972622] x86/mm: Checked W+X mappings: passed, no W+X pages found.
Loading, please wait...
starting version 237
[    7.425000] e1000: Intel(R) PRO/1000 Network Driver - version 7.3.21-k8-NAPI
[    7.454708] e1000: Copyright (c) 1999-2006 Intel Corporation.
[    7.483565] Fusion MPT base driver 3.04.20
[    7.500973] Copyright (c) 1999-2008 LSI Corporation
[    7.647229] Fusion MPT SPI Host driver 3.04.20
[    7.912397] input: ImExPS/2 Generic Explorer Mouse as /devices/platform/i8042/serio1/input/input4
[    9.548906] e1000 0000:00:03.0 eth0: (PCI:33MHz:32-bit) 02:3b:7b:b7:3b:2d
[    9.566342] e1000 0000:00:03.0 eth0: Intel(R) PRO/1000 Network Connection
[    9.617590] mptbase: ioc0: Initiating bringup
[    9.847895] ioc0: LSI53C1030 A0: Capabilities={Initiator}
[   10.855024] scsi host2: ioc0: LSI53C1030 A0, FwRev=00000000h, Ports=1, MaxQ=256, IRQ=20
[   11.508344] scsi 2:0:0:0: Direct-Access     VBOX     HARDDISK         1.0  PQ: 0 ANSI: 5
[   11.853918] scsi target2:0:0: Beginning Domain Validation
[   11.918114] scsi target2:0:0: Domain Validation skipping write tests
[   11.946164] scsi target2:0:0: Ending Domain Validation
[   11.967049] scsi target2:0:0: asynchronous
[   11.995069] scsi 2:0:1:0: Direct-Access     VBOX     HARDDISK         1.0  PQ: 0 ANSI: 5
[   12.348666] scsi target2:0:1: Beginning Domain Validation
[   12.381652] scsi target2:0:1: Domain Validation skipping write tests
[   12.402167] scsi target2:0:1: Ending Domain Validation
[   12.425908] scsi target2:0:1: asynchronous
[   12.495314] sd 2:0:0:0: Attached scsi generic sg0 type 0
[   12.521061] sd 2:0:1:0: Attached scsi generic sg1 type 0
[   12.553397] sd 2:0:0:0: [sda] 83886080 512-byte logical blocks: (42.9 GB/40.0 GiB)
[   12.581599] sd 2:0:1:0: [sdb] 20480 512-byte logical blocks: (10.5 MB/10.0 MiB)
[   12.612788] sd 2:0:0:0: [sda] Write Protect is off
[   12.634432] sd 2:0:1:0: [sdb] Write Protect is off
[   12.655316] sd 2:0:0:0: [sda] Incomplete mode parameter data
[   12.675560] sd 2:0:0:0: [sda] Assuming drive cache: write through
[   12.702877] sd 2:0:1:0: [sdb] Incomplete mode parameter data
[   12.725628] sd 2:0:1:0: [sdb] Assuming drive cache: write through
[   12.770126]  sda: sda1
[   12.806464] sd 2:0:1:0: [sdb] Attached SCSI disk
[   12.828189] sd 2:0:0:0: [sda] Attached SCSI disk
[   13.743395] e1000 0000:00:08.0 eth1: (PCI:33MHz:32-bit) 08:00:27:8f:fa:2b
[   13.768551] e1000 0000:00:08.0 eth1: Intel(R) PRO/1000 Network Connection
[   13.807009] e1000 0000:00:03.0 enp0s3: renamed from eth0
[   13.844510] e1000 0000:00:08.0 enp0s8: renamed from eth1
[ 3723.456372] INFO: rcu_sched self-detected stall on CPU
[ 3723.459227] INFO: rcu_sched detected stalls on CPUs/tasks:
[ 3723.473555] 	1-...!: (1 ticks this GP) idle=616/140000000000001/0 softirq=1108/1109 fqs=0 
[ 3723.683561] 	 (t=377638 jiffies g=-55 c=-56 q=34)
[ 3723.683729] 	1-...!: (1 ticks this GP) idle=616/140000000000001/0 softirq=1108/1109 fqs=0 
[ 3723.702055] rcu_sched kthread starved for 377638 jiffies! g18446744073709551561 c18446744073709551560 f0x0 RCU_GP_WAIT_FQS(3) ->state=0x402 ->cpu=0
[ 3723.737420] 	(detected by 0, t=377638 jiffies, g=-55, c=-56, q=34)
[ 3723.789212] rcu_sched       I    0     8      2 0x80000000
[ 3723.815654] Sending NMI from CPU 0 to CPUs 1:
[ 3723.840031] Call Trace:
[ 3723.840662]  __schedule+0x24e/0x890
[ 3723.860837] NMI backtrace for cpu 1
[ 3723.861151] CPU: 1 PID: 157 Comm: systemd-udevd Not tainted 4.15.0-212-generic #223-Ubuntu
[ 3723.861153] Hardware name: innotek GmbH VirtualBox/VirtualBox, BIOS VirtualBox 12/01/2006
[ 3723.861154] RIP: 0010:io_serial_out+0x1a/0x20
[ 3723.861155] RSP: 0018:ffff8c217fd03b00 EFLAGS: 00010002
[ 3723.861158] RAX: 000000000000005b RBX: ffffffff99516e60 RCX: 0000000000000000
[ 3723.861159] RDX: 00000000000003f8 RSI: 0000000000000000 RDI: ffffffff99516e60
[ 3723.861161] RBP: ffff8c217fd03b00 R08: 0000000000000000 R09: 0000000000000007
[ 3723.861162] R10: 0000000000000000 R11: ffffffff9936a80d R12: 000000000000005b
[ 3723.861164] R13: ffffffff9936a81b R14: ffffffff9936a801 R15: ffffffff99516e60
[ 3723.861165] FS:  00007f77ad4ff680(0000) GS:ffff8c217fd00000(0000) knlGS:0000000000000000
[ 3723.861166] CS:  0010 DS: 0000 ES: 0000 CR0: 0000000080050033
[ 3723.861167] CR2: 000055e4350439e8 CR3: 0000000036972001 CR4: 00000000000206e0
[ 3723.861168] Call Trace:
[ 3723.861169]  <IRQ>
[ 3723.861170]  serial8250_console_putchar+0x2d/0x40
[ 3723.861171]  ? wait_for_xmitr+0xb0/0xb0
[ 3723.861181]  uart_console_write+0x4c/0x60
[ 3723.861182]  serial8250_console_write+0x10a/0x2a0
[ 3723.861183]  ? msg_print_text+0x80/0x100
[ 3723.861184]  univ8250_console_write+0x21/0x30
[ 3723.861185]  console_unlock+0x3cf/0x560
[ 3723.861186]  vprintk_emit+0x134/0x2c0
[ 3723.861187]  ? __schedule+0x24e/0x890
[ 3723.861189]  vprintk_default+0x29/0x50
[ 3723.861190]  vprintk_func+0x47/0xc0
[ 3723.861191]  printk+0x52/0x6e
[ 3723.861192]  ? kernel_text_address+0xe8/0xf0
[ 3723.861193]  ? __schedule+0x24e/0x890
[ 3723.861194]  ? __schedule+0x24e/0x890
[ 3723.861195]  show_trace_log_lvl+0x218/0x3d0
[ 3723.861196]  ? __schedule+0x24e/0x890
[ 3723.861198]  ? __schedule+0x24e/0x890
[ 3723.861199]  show_stack+0x34/0x50
[ 3723.861200]  sched_show_task+0xfe/0x130
[ 3723.861201]  rcu_check_gp_kthread_starvation+0xad/0xc0
[ 3723.861202]  rcu_check_callbacks+0x6c5/0x8e0
[ 3723.861204]  ? tick_sched_do_timer+0x50/0x50
[ 3723.861205]  update_process_times+0x2f/0x60
[ 3723.861206]  tick_sched_handle+0x26/0x70
[ 3723.861207]  ? tick_sched_do_timer+0x42/0x50
[ 3723.861208]  tick_sched_timer+0x39/0x80
[ 3723.861209]  __hrtimer_run_queues+0xdf/0x230
[ 3723.861210]  hrtimer_interrupt+0x97/0x180
[ 3723.861211]  smp_apic_timer_interrupt+0x6f/0x140
[ 3723.861212]  apic_timer_interrupt+0x90/0xa0
[ 3723.861213]  </IRQ>
[ 3723.861214] RIP: 0010:mutex_lock+0x22/0x40
[ 3723.861214] RSP: 0018:ffffa8d9003e7de0 EFLAGS: 00010246 ORIG_RAX: ffffffffffffff11
[ 3723.861226] RAX: 0000000000000000 RBX: ffff8c2179a67c40 RCX: ffffa8d9003e7ef8
[ 3723.861228] RDX: ffff8c21798f5700 RSI: 000055e43503e9a0 RDI: ffff8c2179a67c40
[ 3723.861229] RBP: ffffa8d9003e7de8 R08: ffffffff9885b840 R09: 0000000000000000
[ 3723.861230] R10: 0000000000000000 R11: 0000000000000000 R12: ffffa8d9003e7ef8
[ 3723.861232] R13: ffff8c2176bf6200 R14: 000055e43503e9a0 R15: ffff8c2179a67c00
[ 3723.861233]  seq_read+0x4a/0x450
[ 3723.861234]  kernfs_fop_read+0x137/0x180
[ 3723.861235]  ? security_file_permission+0xa1/0xc0
[ 3723.861236]  __vfs_read+0x1b/0x40
[ 3723.861237]  vfs_read+0x8e/0x130
[ 3723.861238]  SyS_read+0x5c/0xe0
[ 3723.861239]  do_syscall_64+0x73/0x130
[ 3723.861241]  entry_SYSCALL_64_after_hwframe+0x59/0xbe
[ 3723.861242] RIP: 0033:0x7f77acffb031
[ 3723.861243] RSP: 002b:00007ffd0935db78 EFLAGS: 00000246 ORIG_RAX: 0000000000000000
[ 3723.861245] RAX: ffffffffffffffda RBX: 000055e435012260 RCX: 00007f77acffb031
[ 3723.861247] RDX: 0000000000001000 RSI: 000055e43503e9a0 RDI: 000000000000000d
[ 3723.861248] RBP: 00007f77ad2d32a0 R08: 0000000000000077 R09: 0000000000000000
[ 3723.861249] R10: 000055e435012010 R11: 0000000000000246 R12: 000055e43503e9a0
[ 3723.861257] R13: 0000000000001001 R14: 0000000000000d68 R15: 0000000000001001
[ 3723.861258] Code: 55 48 89 e5 d3 e6 01 f2 ec 0f b6 c0 5d c3 0f 1f 00 0f 1f 44 00 00 0f b6 8f a1 00 00 00 89 d0 8b 57 08 55 48 89 e5 d3 e6 01 f2 ee <5d> c3 0f 1f 40 00 0f 1f 44 00 00 0f b6 87 a2 00 00 00 55 48 c7 
[ 3723.861507] rcu_sched kthread starved for 377638 jiffies! g18446744073709551561 c18446744073709551560 f0x0 RCU_GP_WAIT_FQS(3) ->state=0x402 ->cpu=0
[ 3723.872970]  schedule+0x2c/0x80
[ 3723.889328] rcu_sched       I    0     8      2 0x80000000
[ 3723.905847]  schedule_timeout+0x15d/0x370
[ 3723.938692] Call Trace:
[ 3723.938735]  __schedule+0x24e/0x890
[ 3723.938740]  schedule+0x2c/0x80
[ 3723.938745]  schedule_timeout+0x15d/0x370
[ 3723.938750]  ? __next_timer_interrupt+0xe0/0xe0
[ 3723.938756]  rcu_gp_kthread+0x53a/0x980
[ 3723.938762]  kthread+0x121/0x140
[ 3723.938765]  ? rcu_note_context_switch+0x150/0x150
[ 3723.938769]  ? kthread_create_worker_on_cpu+0x70/0x70
[ 3723.938773]  ret_from_fork+0x1f/0x40
[ 3725.394617]  ? __next_timer_interrupt+0xe0/0xe0
[ 3725.409761]  rcu_gp_kthread+0x53a/0x980
[ 3725.424623]  kthread+0x121/0x140
[ 3725.437273]  ? rcu_note_context_switch+0x150/0x150
[ 3725.452024]  ? kthread_create_worker_on_cpu+0x70/0x70
[ 3725.467922]  ret_from_fork+0x1f/0x40
[ 3725.479853] NMI backtrace for cpu 1
[ 3725.488588] CPU: 1 PID: 157 Comm: systemd-udevd Not tainted 4.15.0-212-generic #223-Ubuntu
[ 3725.512947] Hardware name: innotek GmbH VirtualBox/VirtualBox, BIOS VirtualBox 12/01/2006
[ 3725.537984] Call Trace:
[ 3725.546401]  <IRQ>
[ 3725.553451]  dump_stack+0x6d/0x8b
[ 3725.564422]  nmi_cpu_backtrace+0x94/0xa0
[ 3725.574664]  ? lapic_can_unplug_cpu+0xb0/0xb0
[ 3725.586717]  nmi_trigger_cpumask_backtrace+0xe7/0x130
[ 3725.604488]  arch_trigger_cpumask_backtrace+0x19/0x20
[ 3725.621324]  rcu_dump_cpu_stacks+0xa3/0xd5
[ 3725.633912]  rcu_check_callbacks+0x6cd/0x8e0
[ 3725.646905]  ? tick_sched_do_timer+0x50/0x50
[ 3725.661188]  update_process_times+0x2f/0x60
[ 3725.675403]  tick_sched_handle+0x26/0x70
[ 3725.694928]  ? tick_sched_do_timer+0x42/0x50
[ 3725.709710]  tick_sched_timer+0x39/0x80
[ 3725.721293]  __hrtimer_run_queues+0xdf/0x230
[ 3725.732523]  hrtimer_interrupt+0x97/0x180
[ 3725.744556]  smp_apic_timer_interrupt+0x6f/0x140
[ 3725.759532]  apic_timer_interrupt+0x90/0xa0
[ 3725.772498]  </IRQ>
[ 3725.779338] RIP: 0010:mutex_lock+0x22/0x40
[ 3725.791333] RSP: 0018:ffffa8d9003e7de0 EFLAGS: 00010246 ORIG_RAX: ffffffffffffff11
[ 3725.815089] RAX: 0000000000000000 RBX: ffff8c2179a67c40 RCX: ffffa8d9003e7ef8
[ 3725.837778] RDX: ffff8c21798f5700 RSI: 000055e43503e9a0 RDI: ffff8c2179a67c40
[ 3725.858565] RBP: ffffa8d9003e7de8 R08: ffffffff9885b840 R09: 0000000000000000
[ 3725.870933] R10: 0000000000000000 R11: 0000000000000000 R12: ffffa8d9003e7ef8
[ 3725.882218] R13: ffff8c2176bf6200 R14: 000055e43503e9a0 R15: ffff8c2179a67c00
[ 3725.905440]  seq_read+0x4a/0x450
[ 3725.913380]  kernfs_fop_read+0x137/0x180
[ 3725.925242]  ? security_file_permission+0xa1/0xc0
[ 3725.933250]  __vfs_read+0x1b/0x40
[ 3725.943497]  vfs_read+0x8e/0x130
[ 3725.950231]  SyS_read+0x5c/0xe0
[ 3725.958965]  do_syscall_64+0x73/0x130
[ 3725.969113]  entry_SYSCALL_64_after_hwframe+0x59/0xbe
[ 3725.988164] RIP: 0033:0x7f77acffb031
[ 3726.001284] RSP: 002b:00007ffd0935db78 EFLAGS: 00000246 ORIG_RAX: 0000000000000000
[ 3726.028992] RAX: ffffffffffffffda RBX: 000055e435012260 RCX: 00007f77acffb031
[ 3726.057567] RDX: 0000000000001000 RSI: 000055e43503e9a0 RDI: 000000000000000d
[ 3726.085438] RBP: 00007f77ad2d32a0 R08: 0000000000000077 R09: 0000000000000000
[ 3726.102756] R10: 000055e435012010 R11: 0000000000000246 R12: 000055e43503e9a0
[ 3726.125299] R13: 0000000000001001 R14: 0000000000000d68 R15: 0000000000001001
[ 3726.142692] INFO: rcu_sched self-detected stall on CPU
[ 3726.144492] INFO: rcu_sched detected stalls on CPUs/tasks:
[ 3726.157147] 	1-...!: (2 ticks this GP) idle=616/140000000000001/0 softirq=1108/1109 fqs=1 
[ 3726.198679] 	 (t=928065 jiffies g=-55 c=-56 q=36)
[ 3726.198715] 	1-...!: (2 ticks this GP) idle=616/140000000000001/0 softirq=1108/1109 fqs=1 
[ 3726.212012] rcu_sched kthread starved for 550427 jiffies! g18446744073709551561 c18446744073709551560 f0x0 RCU_GP_WAIT_FQS(3) ->state=0x402 ->cpu=0
[ 3726.236260] 	(detected by 0, t=928065 jiffies, g=-55, c=-56, q=36)
[ 3726.236272] Sending NMI from CPU 0 to CPUs 1:
[ 3726.237600] NMI backtrace for cpu 1
[ 3726.237601] CPU: 1 PID: 157 Comm: systemd-udevd Not tainted 4.15.0-212-generic #223-Ubuntu
[ 3726.237602] Hardware name: innotek GmbH VirtualBox/VirtualBox, BIOS VirtualBox 12/01/2006
[ 3726.237602] RIP: 0010:io_serial_in+0x18/0x20
[ 3726.237602] RSP: 0018:ffff8c217fd03bd8 EFLAGS: 00010002
[ 3726.237603] RAX: ffffffff98020b60 RBX: ffffffff99516e60 RCX: 0000000000000000
[ 3726.237604] RDX: 00000000000003fd RSI: 0000000000000005 RDI: ffffffff99516e60
[ 3726.237604] RBP: ffff8c217fd03bd8 R08: 0000000000000000 R09: 0000000000000007
[ 3726.237604] R10: 0000000000000000 R11: ffffffff9936a80d R12: 0000000000002710
[ 3726.237605] R13: 0000000000000020 R14: ffffffff9936a802 R15: ffffffff99516e60
[ 3726.237605] FS:  00007f77ad4ff680(0000) GS:ffff8c217fd00000(0000) knlGS:0000000000000000
[ 3726.237606] CS:  0010 DS: 0000 ES: 0000 CR0: 0000000080050033
[ 3726.237606] CR2: 000055e4350439e8 CR3: 0000000036972001 CR4: 00000000000206e0
[ 3726.237606] Call Trace:
[ 3726.237606]  <IRQ>
[ 3726.237607]  wait_for_xmitr+0x47/0xb0
[ 3726.237607]  serial8250_console_putchar+0x1c/0x40
[ 3726.237607]  ? wait_for_xmitr+0xb0/0xb0
[ 3726.237608]  uart_console_write+0x4c/0x60
[ 3726.237608]  serial8250_console_write+0x10a/0x2a0
[ 3726.237608]  ? msg_print_text+0x80/0x100
[ 3726.237608]  univ8250_console_write+0x21/0x30
[ 3726.237609]  console_unlock+0x3cf/0x560
[ 3726.237609]  vprintk_emit+0x134/0x2c0
[ 3726.237609]  vprintk_default+0x29/0x50
[ 3726.237609]  vprintk_func+0x47/0xc0
[ 3726.237610]  printk+0x52/0x6e
[ 3726.237610]  rcu_check_gp_kthread_starvation+0x98/0xc0
[ 3726.237610]  rcu_check_callbacks+0x6c5/0x8e0
[ 3726.237611]  ? tick_sched_do_timer+0x50/0x50
[ 3726.237611]  update_process_times+0x2f/0x60
[ 3726.237611]  tick_sched_handle+0x26/0x70
[ 3726.237612]  ? tick_sched_do_timer+0x42/0x50
[ 3726.237612]  tick_sched_timer+0x39/0x80
[ 3726.237612]  __hrtimer_run_queues+0xdf/0x230
[ 3726.237613]  hrtimer_interrupt+0x97/0x180
[ 3726.237613]  smp_apic_timer_interrupt+0x6f/0x140
[ 3726.237613]  apic_timer_interrupt+0x90/0xa0
[ 3726.237613]  </IRQ>
[ 3726.237614] RIP: 0010:mutex_lock+0x22/0x40
[ 3726.237614] RSP: 0018:ffffa8d9003e7de0 EFLAGS: 00010246 ORIG_RAX: ffffffffffffff11
[ 3726.237615] RAX: 0000000000000000 RBX: ffff8c2179a67c40 RCX: ffffa8d9003e7ef8
[ 3726.237615] RDX: ffff8c21798f5700 RSI: 000055e43503e9a0 RDI: ffff8c2179a67c40
[ 3726.237615] RBP: ffffa8d9003e7de8 R08: ffffffff9885b840 R09: 0000000000000000
[ 3726.237616] R10: 0000000000000000 R11: 0000000000000000 R12: ffffa8d9003e7ef8
[ 3726.237616] R13: ffff8c2176bf6200 R14: 000055e43503e9a0 R15: ffff8c2179a67c00
[ 3726.237616]  seq_read+0x4a/0x450
[ 3726.237617]  kernfs_fop_read+0x137/0x180
[ 3726.237617]  ? security_file_permission+0xa1/0xc0
[ 3726.237617]  __vfs_read+0x1b/0x40
[ 3726.237617]  vfs_read+0x8e/0x130
[ 3726.237618]  SyS_read+0x5c/0xe0
[ 3726.237618]  do_syscall_64+0x73/0x130
[ 3726.237618]  entry_SYSCALL_64_after_hwframe+0x59/0xbe
[ 3726.237619] RIP: 0033:0x7f77acffb031
[ 3726.237619] RSP: 002b:00007ffd0935db78 EFLAGS: 00000246 ORIG_RAX: 0000000000000000
[ 3726.237619] RAX: ffffffffffffffda RBX: 000055e435012260 RCX: 00007f77acffb031
[ 3726.237620] RDX: 0000000000001000 RSI: 000055e43503e9a0 RDI: 000000000000000d
[ 3726.237620] RBP: 00007f77ad2d32a0 R08: 0000000000000077 R09: 0000000000000000
[ 3726.237621] R10: 000055e435012010 R11: 0000000000000246 R12: 000055e43503e9a0
[ 3726.237621] R13: 0000000000001001 R14: 0000000000000d68 R15: 0000000000001001
[ 3726.237621] Code: 48 89 e5 d3 e6 48 63 f6 48 03 77 10 8b 06 5d c3 0f 1f 00 0f 1f 44 00 00 0f b6 8f a1 00 00 00 8b 57 08 55 48 89 e5 d3 e6 01 f2 ec <0f> b6 c0 5d c3 0f 1f 00 0f 1f 44 00 00 0f b6 8f a1 00 00 00 89 
[ 3726.237677] rcu_sched kthread starved for 550427 jiffies! g18446744073709551561 c18446744073709551560 f0x0 RCU_GP_WAIT_FQS(3) ->state=0x402 ->cpu=0
[ 3726.280427] rcu_sched       I    0     8      2 0x80000000
[ 3726.298610] rcu_sched       I    0     8      2 0x80000000
[ 3726.310924] Call Trace:
[ 3726.321722] Call Trace:
[ 3726.350802]  __schedule+0x24e/0x890
[ 3726.377324]  __schedule+0x24e/0x890
[ 3726.393670]  schedule+0x2c/0x80
[ 3726.411469]  schedule+0x2c/0x80
[ 3726.434453]  schedule_timeout+0x15d/0x370
[ 3726.456140]  schedule_timeout+0x15d/0x370
[ 3726.475273]  ? __next_timer_interrupt+0xe0/0xe0
[ 3726.496452]  ? __next_timer_interrupt+0xe0/0xe0
[ 3726.514952]  rcu_gp_kthread+0x53a/0x980
[ 3726.514963]  kthread+0x121/0x140
[ 3726.542147]  rcu_gp_kthread+0x53a/0x980
[ 3726.566827]  ? rcu_note_context_switch+0x150/0x150
[ 3726.590209]  kthread+0x121/0x140
[ 3726.601174]  ? kthread_create_worker_on_cpu+0x70/0x70
[ 3726.605731]  ? rcu_note_context_switch+0x150/0x150
[ 3726.616807]  ret_from_fork+0x1f/0x40
[ 3726.633069]  ? kthread_create_worker_on_cpu+0x70/0x70
[ 3726.650764] NMI backtrace for cpu 1
[ 3726.667325]  ret_from_fork+0x1f/0x40
[ 3726.687601] CPU: 1 PID: 157 Comm: systemd-udevd Not tainted 4.15.0-212-generic #223-Ubuntu
[ 3727.615696] Hardware name: innotek GmbH VirtualBox/VirtualBox, BIOS VirtualBox 12/01/2006
[ 3727.637612] Call Trace:
[ 3727.643761]  <IRQ>
[ 3727.648520]  dump_stack+0x6d/0x8b
[ 3727.657143]  nmi_cpu_backtrace+0x94/0xa0
[ 3727.665961]  ? lapic_can_unplug_cpu+0xb0/0xb0
[ 3727.676194]  nmi_trigger_cpumask_backtrace+0xe7/0x130
[ 3727.685698]  arch_trigger_cpumask_backtrace+0x19/0x20
[ 3727.698257]  rcu_dump_cpu_stacks+0xa3/0xd5
[ 3727.711825]  rcu_check_callbacks+0x6cd/0x8e0
[ 3727.720309]  ? tick_sched_do_timer+0x50/0x50
[ 3727.732242]  update_process_times+0x2f/0x60
[ 3727.744356]  tick_sched_handle+0x26/0x70
[ 3727.752103]  ? tick_sched_do_timer+0x42/0x50
[ 3727.761580]  tick_sched_timer+0x39/0x80
[ 3727.768607]  __hrtimer_run_queues+0xdf/0x230
[ 3727.778919]  hrtimer_interrupt+0x97/0x180
[ 3727.788967]  smp_apic_timer_interrupt+0x6f/0x140
[ 3727.799036]  apic_timer_interrupt+0x90/0xa0
[ 3727.810212]  </IRQ>
[ 3727.814815] RIP: 0010:mutex_lock+0x22/0x40
[ 3727.825139] RSP: 0018:ffffa8d9003e7de0 EFLAGS: 00010246 ORIG_RAX: ffffffffffffff11
[ 3727.842626] RAX: 0000000000000000 RBX: ffff8c2179a67c40 RCX: ffffa8d9003e7ef8
[ 3727.860544] RDX: ffff8c21798f5700 RSI: 000055e43503e9a0 RDI: ffff8c2179a67c40
[ 3727.879120] RBP: ffffa8d9003e7de8 R08: ffffffff9885b840 R09: 0000000000000000
[ 3727.893847] R10: 0000000000000000 R11: 0000000000000000 R12: ffffa8d9003e7ef8
[ 3727.911955] R13: ffff8c2176bf6200 R14: 000055e43503e9a0 R15: ffff8c2179a67c00
[ 3727.926742]  seq_read+0x4a/0x450
[ 3727.932937]  kernfs_fop_read+0x137/0x180
[ 3727.942225]  ? security_file_permission+0xa1/0xc0
[ 3727.952879]  __vfs_read+0x1b/0x40
[ 3727.959356]  vfs_read+0x8e/0x130
[ 3727.966453]  SyS_read+0x5c/0xe0
[ 3727.975829]  do_syscall_64+0x73/0x130
[ 3727.983836]  entry_SYSCALL_64_after_hwframe+0x59/0xbe
[ 3727.999524] RIP: 0033:0x7f77acffb031
[ 3728.007003] RSP: 002b:00007ffd0935db78 EFLAGS: 00000246 ORIG_RAX: 0000000000000000
[ 3728.023104] RAX: ffffffffffffffda RBX: 000055e435012260 RCX: 00007f77acffb031
[ 3728.041348] RDX: 0000000000001000 RSI: 000055e43503e9a0 RDI: 000000000000000d
[ 3728.059662] RBP: 00007f77ad2d32a0 R08: 0000000000000077 R09: 0000000000000000
[ 3728.076706] R10: 000055e435012010 R11: 0000000000000246 R12: 000055e43503e9a0
[ 3728.095684] R13: 0000000000001001 R14: 0000000000000d68 R15: 0000000000001001
Begin: Loading essential drivers ... [ 3732.358256] raid6: sse2x1   gen()  4015 MB/s
[ 3732.422040] raid6: sse2x1   xor()  2596 MB/s
[ 3732.485566] raid6: sse2x2   gen()  4672 MB/s
[ 3732.549306] raid6: sse2x2   xor()  3134 MB/s
[ 3732.613635] raid6: sse2x4   gen()  5625 MB/s
[ 3732.678211] raid6: sse2x4   xor()  3229 MB/s
[ 3732.691599] raid6: using algorithm sse2x4 gen() 5625 MB/s
[ 3732.708068] raid6: .... xor() 3229 MB/s, rmw enabled
[ 3732.723891] raid6: using ssse3x2 recovery algorithm
[ 3732.745140] xor: measuring software checksum speed
[ 3732.860976]    prefetch64-sse: 16887.000 MB/sec
[ 3732.999778]    generic_sse: 17220.000 MB/sec
[ 3733.013723] xor: using function: generic_sse (17220.000 MB/sec)
[ 3733.047278] async_tx: api initialized (async)
done.
Begin: Running /scripts/init-premount ... done.
Begin: Mounting root file system ... Begin: Running /scripts/local-top ... done.
Begin: Running /scripts/local-premount ... [ 3733.285340] Btrfs loaded, crc32c=crc32c-intel
Scanning for Btrfs filesystems
